                                 Started job on |	Mar 16 16:04:22
                             Started mapping on |	Mar 16 16:04:25
                                    Finished on |	Mar 16 16:04:33
       Mapping speed, Million of reads per hour |	67.07

                          Number of input reads |	149038
                      Average input read length |	280
                                    UNIQUE READS:
                   Uniquely mapped reads number |	35678
                        Uniquely mapped reads % |	23.94%
                          Average mapped length |	272.49
                       Number of splices: Total |	29738
            Number of splices: Annotated (sjdb) |	18026
                       Number of splices: GT/AG |	11452
                       Number of splices: GC/AG |	89
                       Number of splices: AT/AC |	27
               Number of splices: Non-canonical |	18170
                      Mismatch rate per base, % |	0.34%
                         Deletion rate per base |	0.02%
                        Deletion average length |	2.09
                        Insertion rate per base |	0.01%
                       Insertion average length |	1.36
                             MULTI-MAPPING READS:
        Number of reads mapped to multiple loci |	1408
             % of reads mapped to multiple loci |	0.94%
        Number of reads mapped to too many loci |	44
             % of reads mapped to too many loci |	0.03%
                                  UNMAPPED READS:
  Number of reads unmapped: too many mismatches |	0
       % of reads unmapped: too many mismatches |	0.00%
            Number of reads unmapped: too short |	111850
                 % of reads unmapped: too short |	75.05%
                Number of reads unmapped: other |	58
                     % of reads unmapped: other |	0.04%
                                  CHIMERIC READS:
                       Number of chimeric reads |	0
                            % of chimeric reads |	0.00%
