                                 Started job on |	Mar 16 16:05:01
                             Started mapping on |	Mar 16 16:05:01
                                    Finished on |	Mar 16 16:05:10
       Mapping speed, Million of reads per hour |	59.41

                          Number of input reads |	148524
                      Average input read length |	279
                                    UNIQUE READS:
                   Uniquely mapped reads number |	34833
                        Uniquely mapped reads % |	23.45%
                          Average mapped length |	271.27
                       Number of splices: Total |	28909
            Number of splices: Annotated (sjdb) |	17488
                       Number of splices: GT/AG |	11119
                       Number of splices: GC/AG |	108
                       Number of splices: AT/AC |	48
               Number of splices: Non-canonical |	17634
                      Mismatch rate per base, % |	0.34%
                         Deletion rate per base |	0.02%
                        Deletion average length |	2.09
                        Insertion rate per base |	0.02%
                       Insertion average length |	1.46
                             MULTI-MAPPING READS:
        Number of reads mapped to multiple loci |	1410
             % of reads mapped to multiple loci |	0.95%
        Number of reads mapped to too many loci |	34
             % of reads mapped to too many loci |	0.02%
                                  UNMAPPED READS:
  Number of reads unmapped: too many mismatches |	0
       % of reads unmapped: too many mismatches |	0.00%
            Number of reads unmapped: too short |	112192
                 % of reads unmapped: too short |	75.54%
                Number of reads unmapped: other |	55
                     % of reads unmapped: other |	0.04%
                                  CHIMERIC READS:
                       Number of chimeric reads |	0
                            % of chimeric reads |	0.00%
