                                 Started job on |	Mar 16 16:05:22
                             Started mapping on |	Mar 16 16:05:22
                                    Finished on |	Mar 16 16:05:30
       Mapping speed, Million of reads per hour |	39.11

                          Number of input reads |	86909
                      Average input read length |	289
                                    UNIQUE READS:
                   Uniquely mapped reads number |	20505
                        Uniquely mapped reads % |	23.59%
                          Average mapped length |	283.78
                       Number of splices: Total |	18872
            Number of splices: Annotated (sjdb) |	11758
                       Number of splices: GT/AG |	6908
                       Number of splices: GC/AG |	61
                       Number of splices: AT/AC |	53
               Number of splices: Non-canonical |	11850
                      Mismatch rate per base, % |	0.34%
                         Deletion rate per base |	0.01%
                        Deletion average length |	1.76
                        Insertion rate per base |	0.01%
                       Insertion average length |	1.25
                             MULTI-MAPPING READS:
        Number of reads mapped to multiple loci |	648
             % of reads mapped to multiple loci |	0.75%
        Number of reads mapped to too many loci |	20
             % of reads mapped to too many loci |	0.02%
                                  UNMAPPED READS:
  Number of reads unmapped: too many mismatches |	0
       % of reads unmapped: too many mismatches |	0.00%
            Number of reads unmapped: too short |	65716
                 % of reads unmapped: too short |	75.61%
                Number of reads unmapped: other |	20
                     % of reads unmapped: other |	0.02%
                                  CHIMERIC READS:
                       Number of chimeric reads |	0
                            % of chimeric reads |	0.00%
