                                 Started job on |	Mar 16 16:05:30
                             Started mapping on |	Mar 16 16:05:31
                                    Finished on |	Mar 16 16:05:40
       Mapping speed, Million of reads per hour |	36.44

                          Number of input reads |	91101
                      Average input read length |	284
                                    UNIQUE READS:
                   Uniquely mapped reads number |	21819
                        Uniquely mapped reads % |	23.95%
                          Average mapped length |	277.21
                       Number of splices: Total |	18792
            Number of splices: Annotated (sjdb) |	11784
                       Number of splices: GT/AG |	6833
                       Number of splices: GC/AG |	58
                       Number of splices: AT/AC |	31
               Number of splices: Non-canonical |	11870
                      Mismatch rate per base, % |	0.32%
                         Deletion rate per base |	0.01%
                        Deletion average length |	1.64
                        Insertion rate per base |	0.01%
                       Insertion average length |	1.13
                             MULTI-MAPPING READS:
        Number of reads mapped to multiple loci |	707
             % of reads mapped to multiple loci |	0.78%
        Number of reads mapped to too many loci |	23
             % of reads mapped to too many loci |	0.03%
                                  UNMAPPED READS:
  Number of reads unmapped: too many mismatches |	0
       % of reads unmapped: too many mismatches |	0.00%
            Number of reads unmapped: too short |	68526
                 % of reads unmapped: too short |	75.22%
                Number of reads unmapped: other |	26
                     % of reads unmapped: other |	0.03%
                                  CHIMERIC READS:
                       Number of chimeric reads |	0
                            % of chimeric reads |	0.00%
