                                 Started job on |	Mar 16 16:05:10
                             Started mapping on |	Mar 16 16:05:10
                                    Finished on |	Mar 16 16:05:22
       Mapping speed, Million of reads per hour |	47.83

                          Number of input reads |	159423
                      Average input read length |	288
                                    UNIQUE READS:
                   Uniquely mapped reads number |	45710
                        Uniquely mapped reads % |	28.67%
                          Average mapped length |	282.41
                       Number of splices: Total |	48316
            Number of splices: Annotated (sjdb) |	25303
                       Number of splices: GT/AG |	22735
                       Number of splices: GC/AG |	119
                       Number of splices: AT/AC |	44
               Number of splices: Non-canonical |	25418
                      Mismatch rate per base, % |	0.36%
                         Deletion rate per base |	0.02%
                        Deletion average length |	2.63
                        Insertion rate per base |	0.01%
                       Insertion average length |	1.56
                             MULTI-MAPPING READS:
        Number of reads mapped to multiple loci |	1720
             % of reads mapped to multiple loci |	1.08%
        Number of reads mapped to too many loci |	43
             % of reads mapped to too many loci |	0.03%
                                  UNMAPPED READS:
  Number of reads unmapped: too many mismatches |	0
       % of reads unmapped: too many mismatches |	0.00%
            Number of reads unmapped: too short |	111891
                 % of reads unmapped: too short |	70.18%
                Number of reads unmapped: other |	59
                     % of reads unmapped: other |	0.04%
                                  CHIMERIC READS:
                       Number of chimeric reads |	0
                            % of chimeric reads |	0.00%
