                                 Started job on |	Mar 16 16:04:52
                             Started mapping on |	Mar 16 16:04:52
                                    Finished on |	Mar 16 16:05:01
       Mapping speed, Million of reads per hour |	62.65

                          Number of input reads |	156626
                      Average input read length |	288
                                    UNIQUE READS:
                   Uniquely mapped reads number |	41548
                        Uniquely mapped reads % |	26.53%
                          Average mapped length |	282.20
                       Number of splices: Total |	44180
            Number of splices: Annotated (sjdb) |	22816
                       Number of splices: GT/AG |	21059
                       Number of splices: GC/AG |	118
                       Number of splices: AT/AC |	64
               Number of splices: Non-canonical |	22939
                      Mismatch rate per base, % |	0.37%
                         Deletion rate per base |	0.02%
                        Deletion average length |	2.65
                        Insertion rate per base |	0.01%
                       Insertion average length |	1.65
                             MULTI-MAPPING READS:
        Number of reads mapped to multiple loci |	1616
             % of reads mapped to multiple loci |	1.03%
        Number of reads mapped to too many loci |	35
             % of reads mapped to too many loci |	0.02%
                                  UNMAPPED READS:
  Number of reads unmapped: too many mismatches |	0
       % of reads unmapped: too many mismatches |	0.00%
            Number of reads unmapped: too short |	113364
                 % of reads unmapped: too short |	72.38%
                Number of reads unmapped: other |	63
                     % of reads unmapped: other |	0.04%
                                  CHIMERIC READS:
                       Number of chimeric reads |	0
                            % of chimeric reads |	0.00%
