                                 Started job on |	Mar 16 16:04:43
                             Started mapping on |	Mar 16 16:04:43
                                    Finished on |	Mar 16 16:04:52
       Mapping speed, Million of reads per hour |	41.43

                          Number of input reads |	103576
                      Average input read length |	286
                                    UNIQUE READS:
                   Uniquely mapped reads number |	25548
                        Uniquely mapped reads % |	24.67%
                          Average mapped length |	278.52
                       Number of splices: Total |	24115
            Number of splices: Annotated (sjdb) |	12738
                       Number of splices: GT/AG |	11201
                       Number of splices: GC/AG |	61
                       Number of splices: AT/AC |	49
               Number of splices: Non-canonical |	12804
                      Mismatch rate per base, % |	0.41%
                         Deletion rate per base |	0.01%
                        Deletion average length |	1.59
                        Insertion rate per base |	0.01%
                       Insertion average length |	1.31
                             MULTI-MAPPING READS:
        Number of reads mapped to multiple loci |	739
             % of reads mapped to multiple loci |	0.71%
        Number of reads mapped to too many loci |	25
             % of reads mapped to too many loci |	0.02%
                                  UNMAPPED READS:
  Number of reads unmapped: too many mismatches |	0
       % of reads unmapped: too many mismatches |	0.00%
            Number of reads unmapped: too short |	77227
                 % of reads unmapped: too short |	74.56%
                Number of reads unmapped: other |	37
                     % of reads unmapped: other |	0.04%
                                  CHIMERIC READS:
                       Number of chimeric reads |	0
                            % of chimeric reads |	0.00%
