                                 Started job on |	Mar 16 16:04:33
                             Started mapping on |	Mar 16 16:04:34
                                    Finished on |	Mar 16 16:04:43
       Mapping speed, Million of reads per hour |	42.45

                          Number of input reads |	106123
                      Average input read length |	285
                                    UNIQUE READS:
                   Uniquely mapped reads number |	25461
                        Uniquely mapped reads % |	23.99%
                          Average mapped length |	277.68
                       Number of splices: Total |	23542
            Number of splices: Annotated (sjdb) |	12595
                       Number of splices: GT/AG |	10772
                       Number of splices: GC/AG |	60
                       Number of splices: AT/AC |	46
               Number of splices: Non-canonical |	12664
                      Mismatch rate per base, % |	0.42%
                         Deletion rate per base |	0.01%
                        Deletion average length |	1.67
                        Insertion rate per base |	0.01%
                       Insertion average length |	1.32
                             MULTI-MAPPING READS:
        Number of reads mapped to multiple loci |	735
             % of reads mapped to multiple loci |	0.69%
        Number of reads mapped to too many loci |	24
             % of reads mapped to too many loci |	0.02%
                                  UNMAPPED READS:
  Number of reads unmapped: too many mismatches |	0
       % of reads unmapped: too many mismatches |	0.00%
            Number of reads unmapped: too short |	79868
                 % of reads unmapped: too short |	75.26%
                Number of reads unmapped: other |	35
                     % of reads unmapped: other |	0.03%
                                  CHIMERIC READS:
                       Number of chimeric reads |	0
                            % of chimeric reads |	0.00%
